<?xml version="1.0" encoding="UTF-8"?>
<!-- Generated by org.testng.reporters.JUnitReportReporter -->
<testsuite hostname="LAPTOP-LTJ0E81S" failures="0" tests="3" name="com.sgtesting.products.products" time="0.008" errors="0" timestamp="2022-05-06T20:09:25 IST" skipped="0">
  <testcase classname="com.sgtesting.products.products" name="deleteProduct" time="0.001"/>
  <system-out/>
  <testcase classname="com.sgtesting.products.products" name="createProduct" time="0.005"/>
  <system-out/>
  <testcase classname="com.sgtesting.products.products" name="modifyProduct" time="0.002"/>
  <system-out/>
</testsuite> <!-- com.sgtesting.products.products -->
